#
# A fatal error has been detected by the Java Runtime Environment:
#
#  EXCEPTION_ACCESS_VIOLATION (0xc0000005) at pc=0x00000000745a3da0, pid=7456, tid=11340
#
# JRE version: Java(TM) SE Runtime Environment (7.0_67-b01) (build 1.7.0_67-b01)
# Java VM: Java HotSpot(TM) 64-Bit Server VM (24.65-b04 mixed mode windows-amd64 compressed oops)
# Problematic frame:
# V  [jvm.dll+0x123da0]
#
# Failed to write core dump. Minidumps are not enabled by default on client versions of Windows
#
# If you would like to submit a bug report, please visit:
#   http://bugreport.sun.com/bugreport/crash.jsp
#

---------------  T H R E A D  ---------------

Current thread (0x0000000013983800):  JavaThread "qtp842948307-25" [_thread_in_vm, id=11340, stack(0x0000000016470000,0x0000000016570000)]

siginfo: ExceptionCode=0xc0000005, reading address 0x0000000000000000

Registers:
RAX=0x000000001441cb30, RBX=0x000000001441ca40, RCX=0x00000000ffffffff, RDX=0x0000000000000000
RSP=0x000000001656af90, RBP=0x0000000013983800, RSI=0x0000000000000000, RDI=0x000000001441cb30
R8 =0x000000000000001d, R9 =0x000000005fea1920, R10=0x000000001441cb30, R11=0x0000000025aefeb3
R12=0x0000000000000000, R13=0x00000000742be438, R14=0x00000000742be450, R15=0x0000000013983800
RIP=0x00000000745a3da0, EFLAGS=0x0000000000010206

Top of Stack: (sp=0x000000001656af90)
0x000000001656af90:   000000001441ca40 0000000000000000
0x000000001656afa0:   0000000011ca9270 000000001329b020
0x000000001656afb0:   000000001656afc8 00000000155eb228
0x000000001656afc0:   0000000025aefeb3 0000000600000080
0x000000001656afd0:   0000000011ca9290 0000000013983800
0x000000001656afe0:   0000000011ca9268 0000000000000224
0x000000001656aff0:   0000000074a01ed8 0000000000000000
0x000000001656b000:   000000001445c610 00000000155eb228
0x000000001656b010:   00000000742b7440 000000001656b0f0
0x000000001656b020:   0000000000000000 0000000074255e3e
0x000000001656b030:   00000000ff586ca9 00000000139839e8
0x000000001656b040:   000000001656b0e0 000000001656b0e0
0x000000001656b050:   00000000ffffff00 fffffffffffffffe
0x000000001656b060:   000000001656b0f8 0000000701bbd8f8
0x000000001656b070:   0000000000000000 0000000002c29aa9
0x000000001656b080:   0000000701bbd8f8 0000000701ba2300 

Instructions: (pc=0x00000000745a3da0)
0x00000000745a3d80:   8d 51 ff 49 8b ce e8 35 bc f3 ff 48 8b f8 48 85
0x00000000745a3d90:   db 0f 84 91 02 00 00 48 85 c0 0f 84 88 02 00 00
0x00000000745a3da0:   48 8b 0e e8 58 ec f2 ff 48 85 c0 75 08 49 8b f4
0x00000000745a3db0:   49 8b cc eb 1f 48 8b 8d 20 01 00 00 48 8b d0 e8 


Register to memory mapping:

RAX=0x000000001441cb30 is an unknown value
RBX=0x000000001441ca40 is an unknown value
RCX=0x00000000ffffffff is an unknown value
RDX=0x0000000000000000 is an unknown value
RSP=0x000000001656af90 is pointing into the stack for thread: 0x0000000013983800
RBP=0x0000000013983800 is a thread
RSI=0x0000000000000000 is an unknown value
RDI=0x000000001441cb30 is an unknown value
R8 =0x000000000000001d is an unknown value
R9 =0x000000005fea1920 is an unknown value
R10=0x000000001441cb30 is an unknown value
R11=0x0000000025aefeb3 is an unknown value
R12=0x0000000000000000 is an unknown value
R13=0x00000000742be438 is an unknown value
R14=0x00000000742be450 is an unknown value
R15=0x0000000013983800 is a thread


Stack: [0x0000000016470000,0x0000000016570000],  sp=0x000000001656af90,  free space=1003k
Native frames: (J=compiled Java code, j=interpreted, Vv=VM code, C=native code)
V  [jvm.dll+0x123da0]

Java frames: (J=compiled Java code, j=interpreted, Vv=VM code)
j  java.awt.Component.initIDs()V+0
j  java.awt.Component.<clinit>()V+103
v  ~StubRoutines::call_stub
j  sun.awt.windows.WToolkit.initIDs()V+0
j  sun.awt.windows.WToolkit.<clinit>()V+20
v  ~StubRoutines::call_stub
j  sun.awt.Win32GraphicsEnvironment.<clinit>()V+17
v  ~StubRoutines::call_stub
J 1211  java.lang.Class.forName0(Ljava/lang/String;ZLjava/lang/ClassLoader;)Ljava/lang/Class; (0 bytes) @ 0x0000000002fa4c8e [0x0000000002fa4c20+0x6e]
j  java.lang.Class.forName(Ljava/lang/String;)Ljava/lang/Class;+8
j  java.awt.GraphicsEnvironment.createGE()Ljava/awt/GraphicsEnvironment;+18
j  java.awt.GraphicsEnvironment.getLocalGraphicsEnvironment()Ljava/awt/GraphicsEnvironment;+6
j  java.awt.image.BufferedImage.createGraphics()Ljava/awt/Graphics2D;+0
j  org.jboss.seam.ui.graphicImage.Image.createGraphics(Ljava/awt/image/BufferedImage;)Ljava/awt/Graphics2D;+7
j  org.jboss.seam.ui.graphicImage.Image.scaleToHeight(I)Lorg/jboss/seam/ui/graphicImage/Image;+43
j  org.jboss.seam.ui.graphicImage.UITransformImageSize.applyTransform(Lorg/jboss/seam/ui/graphicImage/Image;)V+96
j  org.jboss.seam.ui.graphicImage.GraphicImageRendererBase.doEncodeBegin(Ljavax/faces/context/ResponseWriter;Ljavax/faces/context/FacesContext;Ljavax/faces/component/UIComponent;)V+150
j  org.jboss.seam.ui.util.cdk.RendererBase.encodeBegin(Ljavax/faces/context/FacesContext;Ljavax/faces/component/UIComponent;)V+94
j  javax.faces.component.UIComponentBase.encodeBegin(Ljavax/faces/context/FacesContext;)V+60
j  javax.faces.component.UIComponent.encodeAll(Ljavax/faces/context/FacesContext;)V+22
j  org.primefaces.component.column.Column.renderChildren(Ljavax/faces/context/FacesContext;)V+34
j  org.primefaces.component.datatable.DataTableRenderer.encodeCell(Ljavax/faces/context/FacesContext;Lorg/primefaces/component/datatable/DataTable;Lorg/primefaces/component/api/UIColumn;Ljava/lang/String;Z)V+244
j  org.primefaces.component.datatable.DataTableRenderer.encodeRow(Ljavax/faces/context/FacesContext;Lorg/primefaces/component/datatable/DataTable;Ljava/lang/String;III)Z+338
j  org.primefaces.component.datatable.DataTableRenderer.encodeRows(Ljavax/faces/context/FacesContext;Lorg/primefaces/component/datatable/DataTable;IIII)V+173
j  org.primefaces.component.datatable.DataTableRenderer.encodeTbody(Ljavax/faces/context/FacesContext;Lorg/primefaces/component/datatable/DataTable;ZIILjava/lang/String;)V+245
j  org.primefaces.component.datatable.DataTableRenderer.encodeTbody(Ljavax/faces/context/FacesContext;Lorg/primefaces/component/datatable/DataTable;Z)V+15
j  org.primefaces.component.datatable.DataTableRenderer.encodeRegularTable(Ljavax/faces/context/FacesContext;Lorg/primefaces/component/datatable/DataTable;)V+107
j  org.primefaces.component.datatable.DataTableRenderer.encodeMarkup(Ljavax/faces/context/FacesContext;Lorg/primefaces/component/datatable/DataTable;)V+288
j  org.primefaces.component.datatable.DataTableRenderer.encodeEnd(Ljavax/faces/context/FacesContext;Ljavax/faces/component/UIComponent;)V+87
j  javax.faces.component.UIComponentBase.encodeEnd(Ljavax/faces/context/FacesContext;)V+47
j  javax.faces.component.UIComponent.encodeAll(Ljavax/faces/context/FacesContext;)V+86
j  javax.faces.render.Renderer.encodeChildren(Ljavax/faces/context/FacesContext;Ljavax/faces/component/UIComponent;)V+56
j  javax.faces.component.UIComponentBase.encodeChildren(Ljavax/faces/context/FacesContext;)V+42
j  javax.faces.component.UIComponent.encodeAll(Ljavax/faces/context/FacesContext;)V+34
j  javax.faces.component.UIComponent.encodeAll(Ljavax/faces/context/FacesContext;)V+78
j  org.primefaces.component.tabview.TabViewRenderer.encodeEnd(Ljavax/faces/context/FacesContext;Ljavax/faces/component/UIComponent;)V+89
j  javax.faces.component.UIComponentBase.encodeEnd(Ljavax/faces/context/FacesContext;)V+47
j  javax.faces.component.UIComponent.encodeAll(Ljavax/faces/context/FacesContext;)V+86
j  com.sun.faces.context.PartialViewContextImpl$PhaseAwareVisitCallback.visit(Ljavax/faces/component/visit/VisitContext;Ljavax/faces/component/UIComponent;)Ljavax/faces/component/visit/VisitResult;+101
j  com.sun.faces.component.visit.PartialVisitContext.invokeVisitCallback(Ljavax/faces/component/UIComponent;Ljavax/faces/component/visit/VisitCallback;)Ljavax/faces/component/visit/VisitResult;+17
J 1952 C2 javax.faces.component.UIComponent.visitTree(Ljavax/faces/component/visit/VisitContext;Ljavax/faces/component/visit/VisitCallback;)Z (128 bytes) @ 0x0000000003042014 [0x0000000003041d20+0x2f4]
j  org.primefaces.component.api.UITabPanel.visitTree(Ljavax/faces/component/visit/VisitContext;Ljavax/faces/component/visit/VisitCallback;)Z+10
J 1952 C2 javax.faces.component.UIComponent.visitTree(Ljavax/faces/component/visit/VisitContext;Ljavax/faces/component/visit/VisitCallback;)Z (128 bytes) @ 0x0000000003041f7c [0x0000000003041d20+0x25c]
J 1952 C2 javax.faces.component.UIComponent.visitTree(Ljavax/faces/component/visit/VisitContext;Ljavax/faces/component/visit/VisitCallback;)Z (128 bytes) @ 0x0000000003041f7c [0x0000000003041d20+0x25c]
J 1952 C2 javax.faces.component.UIComponent.visitTree(Ljavax/faces/component/visit/VisitContext;Ljavax/faces/component/visit/VisitCallback;)Z (128 bytes) @ 0x0000000003041f7c [0x0000000003041d20+0x25c]
J 1952 C2 javax.faces.component.UIComponent.visitTree(Ljavax/faces/component/visit/VisitContext;Ljavax/faces/component/visit/VisitCallback;)Z (128 bytes) @ 0x00000000030420a8 [0x0000000003041d20+0x388]
j  com.sun.faces.context.PartialViewContextImpl.processComponents(Ljavax/faces/component/UIComponent;Ljavax/faces/event/PhaseId;Ljava/util/Collection;Ljavax/faces/context/FacesContext;)V+45
j  com.sun.faces.context.PartialViewContextImpl.processPartial(Ljavax/faces/event/PhaseId;)V+304
j  org.primefaces.context.PrimePartialViewContext.processPartial(Ljavax/faces/event/PhaseId;)V+21
j  javax.faces.component.UIViewRoot.encodeChildren(Ljavax/faces/context/FacesContext;)V+17
j  javax.faces.component.UIComponent.encodeAll(Ljavax/faces/context/FacesContext;)V+34
j  com.sun.faces.application.view.FaceletViewHandlingStrategy.renderView(Ljavax/faces/context/FacesContext;Ljavax/faces/component/UIViewRoot;)V+170
j  com.sun.faces.application.view.MultiViewHandler.renderView(Ljavax/faces/context/FacesContext;Ljavax/faces/component/UIViewRoot;)V+25
j  org.jboss.seam.jsf.SeamViewHandler.renderView(Ljavax/faces/context/FacesContext;Ljavax/faces/component/UIViewRoot;)V+6
j  com.sun.faces.lifecycle.RenderResponsePhase.execute(Ljavax/faces/context/FacesContext;)V+191
j  com.sun.faces.lifecycle.Phase.doPhase(Ljavax/faces/context/FacesContext;Ljavax/faces/lifecycle/Lifecycle;Ljava/util/ListIterator;)V+68
j  com.sun.faces.lifecycle.LifecycleImpl.render(Ljavax/faces/context/FacesContext;)V+90
j  javax.faces.webapp.FacesServlet.service(Ljavax/servlet/ServletRequest;Ljavax/servlet/ServletResponse;)V+247
j  org.eclipse.jetty.servlet.ServletHolder.handle(Lorg/eclipse/jetty/server/Request;Ljavax/servlet/ServletRequest;Ljavax/servlet/ServletResponse;)V+190
j  org.eclipse.jetty.servlet.ServletHandler$CachedChain.doFilter(Ljavax/servlet/ServletRequest;Ljavax/servlet/ServletResponse;)V+237
j  org.primefaces.webapp.filter.FileUploadFilter.doFilter(Ljavax/servlet/ServletRequest;Ljavax/servlet/ServletResponse;Ljavax/servlet/FilterChain;)V+196
j  org.eclipse.jetty.servlet.ServletHandler$CachedChain.doFilter(Ljavax/servlet/ServletRequest;Ljavax/servlet/ServletResponse;)V+100
j  org.jboss.seam.servlet.SeamFilter$FilterChainImpl.doFilter(Ljavax/servlet/ServletRequest;Ljavax/servlet/ServletResponse;)V+107
j  org.jboss.seam.servlet.SeamFilter$FilterChainImpl.doFilter(Ljavax/servlet/ServletRequest;Ljavax/servlet/ServletResponse;)V+83
j  org.jboss.seam.web.ExceptionFilter.doFilter(Ljavax/servlet/ServletRequest;Ljavax/servlet/ServletResponse;Ljavax/servlet/FilterChain;)V+3
j  org.jboss.seam.servlet.SeamFilter$FilterChainImpl.doFilter(Ljavax/servlet/ServletRequest;Ljavax/servlet/ServletResponse;)V+72
j  org.jboss.seam.web.RedirectFilter.doFilter(Ljavax/servlet/ServletRequest;Ljavax/servlet/ServletResponse;Ljavax/servlet/FilterChain;)V+9
j  org.jboss.seam.servlet.SeamFilter$FilterChainImpl.doFilter(Ljavax/servlet/ServletRequest;Ljavax/servlet/ServletResponse;)V+72
j  org.jboss.seam.web.IdentityFilter.doFilter(Ljavax/servlet/ServletRequest;Ljavax/servlet/ServletResponse;Ljavax/servlet/FilterChain;)V+34
j  org.jboss.seam.servlet.SeamFilter$FilterChainImpl.doFilter(Ljavax/servlet/ServletRequest;Ljavax/servlet/ServletResponse;)V+72
j  org.jboss.seam.servlet.SeamFilter.doFilter(Ljavax/servlet/ServletRequest;Ljavax/servlet/ServletResponse;Ljavax/servlet/FilterChain;)V+12
j  org.eclipse.jetty.servlet.ServletHandler$CachedChain.doFilter(Ljavax/servlet/ServletRequest;Ljavax/servlet/ServletResponse;)V+100
j  org.eclipse.jetty.servlet.ServletHandler.doHandle(Ljava/lang/String;Lorg/eclipse/jetty/server/Request;Ljavax/servlet/http/HttpServletRequest;Ljavax/servlet/http/HttpServletResponse;)V+197
j  org.eclipse.jetty.server.handler.ScopedHandler.handle(Ljava/lang/String;Lorg/eclipse/jetty/server/Request;Ljavax/servlet/http/HttpServletRequest;Ljavax/servlet/http/HttpServletResponse;)V+25
j  org.eclipse.jetty.security.SecurityHandler.handle(Ljava/lang/String;Lorg/eclipse/jetty/server/Request;Ljavax/servlet/http/HttpServletRequest;Ljavax/servlet/http/HttpServletResponse;)V+540
j  org.eclipse.jetty.server.session.SessionHandler.doHandle(Ljava/lang/String;Lorg/eclipse/jetty/server/Request;Ljavax/servlet/http/HttpServletRequest;Ljavax/servlet/http/HttpServletResponse;)V+68
j  org.eclipse.jetty.server.handler.ContextHandler.doHandle(Ljava/lang/String;Lorg/eclipse/jetty/server/Request;Ljavax/servlet/http/HttpServletRequest;Ljavax/servlet/http/HttpServletResponse;)V+206
j  org.eclipse.jetty.servlet.ServletHandler.doScope(Ljava/lang/String;Lorg/eclipse/jetty/server/Request;Ljavax/servlet/http/HttpServletRequest;Ljavax/servlet/http/HttpServletResponse;)V+277
j  org.eclipse.jetty.server.session.SessionHandler.doScope(Ljava/lang/String;Lorg/eclipse/jetty/server/Request;Ljavax/servlet/http/HttpServletRequest;Ljavax/servlet/http/HttpServletResponse;)V+233
j  org.eclipse.jetty.server.handler.ContextHandler.doScope(Ljava/lang/String;Lorg/eclipse/jetty/server/Request;Ljavax/servlet/http/HttpServletRequest;Ljavax/servlet/http/HttpServletResponse;)V+416
j  org.eclipse.jetty.server.handler.ScopedHandler.handle(Ljava/lang/String;Lorg/eclipse/jetty/server/Request;Ljavax/servlet/http/HttpServletRequest;Ljavax/servlet/http/HttpServletResponse;)V+13
j  org.eclipse.jetty.server.handler.ContextHandlerCollection.handle(Ljava/lang/String;Lorg/eclipse/jetty/server/Request;Ljavax/servlet/http/HttpServletRequest;Ljavax/servlet/http/HttpServletResponse;)V+399
j  org.eclipse.jetty.server.handler.HandlerCollection.handle(Ljava/lang/String;Lorg/eclipse/jetty/server/Request;Ljavax/servlet/http/HttpServletRequest;Ljavax/servlet/http/HttpServletResponse;)V+42
j  org.eclipse.jetty.server.handler.HandlerWrapper.handle(Ljava/lang/String;Lorg/eclipse/jetty/server/Request;Ljavax/servlet/http/HttpServletRequest;Ljavax/servlet/http/HttpServletResponse;)V+23
j  org.eclipse.jetty.server.Server.handle(Lorg/eclipse/jetty/server/AbstractHttpConnection;)V+146
j  org.eclipse.jetty.server.AbstractHttpConnection.handleRequest()V+305
j  org.eclipse.jetty.server.AbstractHttpConnection.content(Lorg/eclipse/jetty/io/Buffer;)V+13
j  org.eclipse.jetty.server.AbstractHttpConnection$RequestHandler.content(Lorg/eclipse/jetty/io/Buffer;)V+5
j  org.eclipse.jetty.http.HttpParser.parseNext()I+3569
j  org.eclipse.jetty.http.HttpParser.parseAvailable()Z+51
j  org.eclipse.jetty.server.AsyncHttpConnection.handle()Lorg/eclipse/jetty/io/Connection;+80
j  org.eclipse.jetty.io.nio.SelectChannelEndPoint.handle()V+10
j  org.eclipse.jetty.io.nio.SelectChannelEndPoint$1.run()V+4
j  org.eclipse.jetty.util.thread.QueuedThreadPool.runJob(Ljava/lang/Runnable;)V+1
j  org.eclipse.jetty.util.thread.QueuedThreadPool$3.run()V+47
j  java.lang.Thread.run()V+11
v  ~StubRoutines::call_stub

---------------  P R O C E S S  ---------------

Java Threads: ( => current thread )
  0x00000000143d1800 JavaThread "Java2D Disposer" daemon [_thread_blocked, id=2084, stack(0x0000000015b70000,0x0000000015c70000)]
=>0x0000000013983800 JavaThread "qtp842948307-25" [_thread_in_vm, id=11340, stack(0x0000000016470000,0x0000000016570000)]
  0x0000000014528000 JavaThread "qtp842948307-24" [_thread_blocked, id=9064, stack(0x0000000016370000,0x0000000016470000)]
  0x0000000014527800 JavaThread "qtp842948307-23" [_thread_blocked, id=9076, stack(0x0000000016270000,0x0000000016370000)]
  0x00000000132f0800 JavaThread "qtp842948307-22" [_thread_blocked, id=9524, stack(0x0000000016170000,0x0000000016270000)]
  0x00000000141b9000 JavaThread "qtp842948307-21" [_thread_blocked, id=10836, stack(0x0000000016070000,0x0000000016170000)]
  0x0000000013086800 JavaThread "qtp842948307-20 Selector0" [_thread_in_native, id=5968, stack(0x0000000015f70000,0x0000000016070000)]
  0x00000000127ea000 JavaThread "qtp842948307-19" [_thread_blocked, id=12216, stack(0x0000000015e70000,0x0000000015f70000)]
  0x000000001341f800 JavaThread "qtp842948307-18 Acceptor0 SelectChannelConnector@0.0.0.0:8080" [_thread_in_native, id=10168, stack(0x0000000015d70000,0x0000000015e70000)]
  0x0000000014599800 JavaThread "Abandoned connection cleanup thread" daemon [_thread_blocked, id=11528, stack(0x0000000015a70000,0x0000000015b70000)]
  0x00000000119ba000 JavaThread "jboss EL reference queue cleanup thread" daemon [_thread_blocked, id=11488, stack(0x0000000014970000,0x0000000014a70000)]
  0x0000000012766800 JavaThread "HashSessionScavenger-0" daemon [_thread_blocked, id=11956, stack(0x0000000014870000,0x0000000014970000)]
  0x000000000f9cb800 JavaThread "Service Thread" daemon [_thread_blocked, id=11692, stack(0x00000000116e0000,0x00000000117e0000)]
  0x000000000f9cb000 JavaThread "C2 CompilerThread1" daemon [_thread_blocked, id=8460, stack(0x00000000115e0000,0x00000000116e0000)]
  0x000000000f9c9800 JavaThread "C2 CompilerThread0" daemon [_thread_blocked, id=11716, stack(0x00000000114e0000,0x00000000115e0000)]
  0x000000000f9b6000 JavaThread "JDWP Command Reader" daemon [_thread_in_native, id=12192, stack(0x00000000113e0000,0x00000000114e0000)]
  0x000000000f9b3000 JavaThread "JDWP Event Helper Thread" daemon [_thread_blocked, id=196, stack(0x00000000112e0000,0x00000000113e0000)]
  0x000000000f9a5000 JavaThread "JDWP Transport Listener: dt_socket" daemon [_thread_blocked, id=3008, stack(0x00000000111e0000,0x00000000112e0000)]
  0x000000000f99c800 JavaThread "Attach Listener" daemon [_thread_blocked, id=11980, stack(0x0000000010e00000,0x0000000010f00000)]
  0x000000000f999800 JavaThread "Signal Dispatcher" daemon [_thread_blocked, id=5268, stack(0x0000000010d00000,0x0000000010e00000)]
  0x000000000f95e800 JavaThread "Finalizer" daemon [_thread_blocked, id=8624, stack(0x0000000010c00000,0x0000000010d00000)]
  0x000000000f955800 JavaThread "Reference Handler" daemon [_thread_blocked, id=8380, stack(0x0000000010b00000,0x0000000010c00000)]
  0x00000000010ad800 JavaThread "main" [_thread_blocked, id=11400, stack(0x0000000002960000,0x0000000002a60000)]

Other Threads:
  0x000000000f951800 VMThread [stack: 0x0000000010a00000,0x0000000010b00000] [id=12148]
  0x000000000f9d4800 WatcherThread [stack: 0x00000000117e0000,0x00000000118e0000] [id=11848]

VM state:not at safepoint (normal execution)

VM Mutex/Monitor currently owned by a thread: None

Heap
 PSYoungGen      total 996864K, used 4212K [0x00000007ab400000, 0x00000007ead00000, 0x0000000800000000)
  eden space 955392K, 0% used [0x00000007ab400000,0x00000007ab81d150,0x00000007e5900000)
  from space 41472K, 0% used [0x00000007e8480000,0x00000007e8480000,0x00000007ead00000)
  to   space 43008K, 0% used [0x00000007e5900000,0x00000007e5900000,0x00000007e8300000)
 ParOldGen       total 945152K, used 80104K [0x0000000701c00000, 0x000000073b700000, 0x00000007ab400000)
  object space 945152K, 8% used [0x0000000701c00000,0x0000000706a3a260,0x000000073b700000)
 PSPermGen       total 83968K, used 83966K [0x00000006fca00000, 0x0000000701c00000, 0x0000000701c00000)
  object space 83968K, 99% used [0x00000006fca00000,0x0000000701bffbe8,0x0000000701c00000)

Card table byte_map: [0x0000000005cd0000,0x00000000064f0000] byte_map_base: 0x00000000024eb000

Polling page: 0x0000000001090000

Code Cache  [0x0000000002c10000, 0x0000000003420000, 0x0000000005c10000)
 total_blobs=2642 nmethods=2102 adapters=498 free_code_cache=41007Kb largest_free_block=41896960

Compilation events (10 events):
Event: 208.283 Thread 0x000000000f9c9800 2394             org.jboss.seam.intercept.SeamInvocationContext::proceed (186 bytes)
Event: 208.283 Thread 0x000000000f9cb000 2395             org.jboss.seam.intercept.Interceptor::isOptimized (5 bytes)
Event: 208.284 Thread 0x000000000f9cb000 nmethod 2395 0x000000000340efd0 code [0x000000000340f100, 0x000000000340f158]
Event: 208.292 Thread 0x000000000f9c9800 nmethod 2394 0x000000000340f510 code [0x000000000340f700, 0x000000000340fe20]
Event: 208.301 Thread 0x000000000f9cb000 2396             org.drools.util.AbstractHashTable$HashTableIterator::next (71 bytes)
Event: 208.305 Thread 0x000000000f9cb000 nmethod 2396 0x0000000003410610 code [0x0000000003410760, 0x00000000034109d8]
Event: 208.515 Thread 0x000000000f9c9800 2397             sun.awt.image.ByteInterleavedRaster::putByteData (834 bytes)
Event: 208.587 Thread 0x000000000f9c9800 nmethod 2397 0x0000000003417710 code [0x00000000034178e0, 0x0000000003419f28]
Event: 208.626 Thread 0x000000000f9cb000 2398   !         java.util.zip.InflaterInputStream::read (138 bytes)
Event: 208.634 Thread 0x000000000f9cb000 nmethod 2398 0x0000000003410ad0 code [0x0000000003410c80, 0x00000000034115f8]

GC Heap History (10 events):
Event: 210.506 GC heap before
{Heap before GC invocations=26 (full 4):
 PSYoungGen      total 993792K, used 32K [0x00000007ab400000, 0x00000007ead80000, 0x0000000800000000)
  eden space 950784K, 0% used [0x00000007ab400000,0x00000007ab400000,0x00000007e5480000)
  from space 43008K, 0% used [0x00000007e8380000,0x00000007e8388000,0x00000007ead80000)
  to   space 45568K, 0% used [0x00000007e5480000,0x00000007e5480000,0x00000007e8100000)
 ParOldGen       total 370688K, used 80260K [0x0000000701c00000, 0x0000000718600000, 0x00000007ab400000)
  object space 370688K, 21% used [0x0000000701c00000,0x0000000706a612e8,0x0000000718600000)
 PSPermGen       total 83968K, used 83967K [0x00000006fca00000, 0x0000000701c00000, 0x0000000701c00000)
  object space 83968K, 99% used [0x00000006fca00000,0x0000000701bffee0,0x0000000701c00000)
Event: 210.969 GC heap after
Heap after GC invocations=26 (full 4):
 PSYoungGen      total 993792K, used 0K [0x00000007ab400000, 0x00000007ead80000, 0x0000000800000000)
  eden space 950784K, 0% used [0x00000007ab400000,0x00000007ab400000,0x00000007e5480000)
  from space 43008K, 0% used [0x00000007e8380000,0x00000007e8380000,0x00000007ead80000)
  to   space 45568K, 0% used [0x00000007e5480000,0x00000007e5480000,0x00000007e8100000)
 ParOldGen       total 532480K, used 80096K [0x0000000701c00000, 0x0000000722400000, 0x00000007ab400000)
  object space 532480K, 15% used [0x0000000701c00000,0x0000000706a382d8,0x0000000722400000)
 PSPermGen       total 83968K, used 83569K [0x00000006fca00000, 0x0000000701c00000, 0x0000000701c00000)
  object space 83968K, 99% used [0x00000006fca00000,0x0000000701b9c598,0x0000000701c00000)
}
Event: 211.013 GC heap before
{Heap before GC invocations=27 (full 4):
 PSYoungGen      total 993792K, used 17978K [0x00000007ab400000, 0x00000007ead80000, 0x0000000800000000)
  eden space 950784K, 1% used [0x00000007ab400000,0x00000007ac58e878,0x00000007e5480000)
  from space 43008K, 0% used [0x00000007e8380000,0x00000007e8380000,0x00000007ead80000)
  to   space 45568K, 0% used [0x00000007e5480000,0x00000007e5480000,0x00000007e8100000)
 ParOldGen       total 532480K, used 80096K [0x0000000701c00000, 0x0000000722400000, 0x00000007ab400000)
  object space 532480K, 15% used [0x0000000701c00000,0x0000000706a382d8,0x0000000722400000)
 PSPermGen       total 83968K, used 83966K [0x00000006fca00000, 0x0000000701c00000, 0x0000000701c00000)
  object space 83968K, 99% used [0x00000006fca00000,0x0000000701bffbe8,0x0000000701c00000)
Event: 211.017 GC heap after
Heap after GC invocations=27 (full 4):
 PSYoungGen      total 996352K, used 96K [0x00000007ab400000, 0x00000007eb000000, 0x0000000800000000)
  eden space 950784K, 0% used [0x00000007ab400000,0x00000007ab400000,0x00000007e5480000)
  from space 45568K, 0% used [0x00000007e5480000,0x00000007e5498000,0x00000007e8100000)
  to   space 44544K, 0% used [0x00000007e8480000,0x00000007e8480000,0x00000007eb000000)
 ParOldGen       total 532480K, used 80096K [0x0000000701c00000, 0x0000000722400000, 0x00000007ab400000)
  object space 532480K, 15% used [0x0000000701c00000,0x0000000706a382d8,0x0000000722400000)
 PSPermGen       total 83968K, used 83966K [0x00000006fca00000, 0x0000000701c00000, 0x0000000701c00000)
  object space 83968K, 99% used [0x00000006fca00000,0x0000000701bffbe8,0x0000000701c00000)
}
Event: 211.017 GC heap before
{Heap before GC invocations=28 (full 5):
 PSYoungGen      total 996352K, used 96K [0x00000007ab400000, 0x00000007eb000000, 0x0000000800000000)
  eden space 950784K, 0% used [0x00000007ab400000,0x00000007ab400000,0x00000007e5480000)
  from space 45568K, 0% used [0x00000007e5480000,0x00000007e5498000,0x00000007e8100000)
  to   space 44544K, 0% used [0x00000007e8480000,0x00000007e8480000,0x00000007eb000000)
 ParOldGen       total 532480K, used 80096K [0x0000000701c00000, 0x0000000722400000, 0x00000007ab400000)
  object space 532480K, 15% used [0x0000000701c00000,0x0000000706a382d8,0x0000000722400000)
 PSPermGen       total 83968K, used 83966K [0x00000006fca00000, 0x0000000701c00000, 0x0000000701c00000)
  object space 83968K, 99% used [0x00000006fca00000,0x0000000701bffbe8,0x0000000701c00000)
Event: 211.406 GC heap after
Heap after GC invocations=28 (full 5):
 PSYoungGen      total 996352K, used 0K [0x00000007ab400000, 0x00000007eb000000, 0x0000000800000000)
  eden space 950784K, 0% used [0x00000007ab400000,0x00000007ab400000,0x00000007e5480000)
  from space 45568K, 0% used [0x00000007e5480000,0x00000007e5480000,0x00000007e8100000)
  to   space 44544K, 0% used [0x00000007e8480000,0x00000007e8480000,0x00000007eb000000)
 ParOldGen       total 704512K, used 80105K [0x0000000701c00000, 0x000000072cc00000, 0x00000007ab400000)
  object space 704512K, 11% used [0x0000000701c00000,0x0000000706a3a458,0x000000072cc00000)
 PSPermGen       total 83968K, used 83966K [0x00000006fca00000, 0x0000000701c00000, 0x0000000701c00000)
  object space 83968K, 99% used [0x00000006fca00000,0x0000000701bffbe8,0x0000000701c00000)
}
Event: 211.406 GC heap before
{Heap before GC invocations=29 (full 5):
 PSYoungGen      total 996352K, used 0K [0x00000007ab400000, 0x00000007eb000000, 0x0000000800000000)
  eden space 950784K, 0% used [0x00000007ab400000,0x00000007ab400000,0x00000007e5480000)
  from space 45568K, 0% used [0x00000007e5480000,0x00000007e5480000,0x00000007e8100000)
  to   space 44544K, 0% used [0x00000007e8480000,0x00000007e8480000,0x00000007eb000000)
 ParOldGen       total 704512K, used 80105K [0x0000000701c00000, 0x000000072cc00000, 0x00000007ab400000)
  object space 704512K, 11% used [0x0000000701c00000,0x0000000706a3a458,0x000000072cc00000)
 PSPermGen       total 83968K, used 83966K [0x00000006fca00000, 0x0000000701c00000, 0x0000000701c00000)
  object space 83968K, 99% used [0x00000006fca00000,0x0000000701bffbe8,0x0000000701c00000)
Event: 211.410 GC heap after
Heap after GC invocations=29 (full 5):
 PSYoungGen      total 996864K, used 0K [0x00000007ab400000, 0x00000007ead00000, 0x0000000800000000)
  eden space 955392K, 0% used [0x00000007ab400000,0x00000007ab400000,0x00000007e5900000)
  from space 41472K, 0% used [0x00000007e8480000,0x00000007e8480000,0x00000007ead00000)
  to   space 43008K, 0% used [0x00000007e5900000,0x00000007e5900000,0x00000007e8300000)
 ParOldGen       total 704512K, used 80105K [0x0000000701c00000, 0x000000072cc00000, 0x00000007ab400000)
  object space 704512K, 11% used [0x0000000701c00000,0x0000000706a3a458,0x000000072cc00000)
 PSPermGen       total 83968K, used 83966K [0x00000006fca00000, 0x0000000701c00000, 0x0000000701c00000)
  object space 83968K, 99% used [0x00000006fca00000,0x0000000701bffbe8,0x0000000701c00000)
}
Event: 211.410 GC heap before
{Heap before GC invocations=30 (full 6):
 PSYoungGen      total 996864K, used 0K [0x00000007ab400000, 0x00000007ead00000, 0x0000000800000000)
  eden space 955392K, 0% used [0x00000007ab400000,0x00000007ab400000,0x00000007e5900000)
  from space 41472K, 0% used [0x00000007e8480000,0x00000007e8480000,0x00000007ead00000)
  to   space 43008K, 0% used [0x00000007e5900000,0x00000007e5900000,0x00000007e8300000)
 ParOldGen       total 704512K, used 80105K [0x0000000701c00000, 0x000000072cc00000, 0x00000007ab400000)
  object space 704512K, 11% used [0x0000000701c00000,0x0000000706a3a458,0x000000072cc00000)
 PSPermGen       total 83968K, used 83966K [0x00000006fca00000, 0x0000000701c00000, 0x0000000701c00000)
  object space 83968K, 99% used [0x00000006fca00000,0x0000000701bffbe8,0x0000000701c00000)
Event: 211.614 GC heap after
Heap after GC invocations=30 (full 6):
 PSYoungGen      total 996864K, used 0K [0x00000007ab400000, 0x00000007ead00000, 0x0000000800000000)
  eden space 955392K, 0% used [0x00000007ab400000,0x00000007ab400000,0x00000007e5900000)
  from space 41472K, 0% used [0x00000007e8480000,0x00000007e8480000,0x00000007ead00000)
  to   space 43008K, 0% used [0x00000007e5900000,0x00000007e5900000,0x00000007e8300000)
 ParOldGen       total 945152K, used 80104K [0x0000000701c00000, 0x000000073b700000, 0x00000007ab400000)
  object space 945152K, 8% used [0x0000000701c00000,0x0000000706a3a260,0x000000073b700000)
 PSPermGen       total 83968K, used 83966K [0x00000006fca00000, 0x0000000701c00000, 0x0000000701c00000)
  object space 83968K, 99% used [0x00000006fca00000,0x0000000701bffbe8,0x0000000701c00000)
}

Deoptimization events (10 events):
Event: 208.320 Thread 0x0000000013983800 Uncommon trap: reason=unhandled action=none pc=0x0000000002f9b368 method=sun.net.www.protocol.jar.JarURLConnection.connect()V @ 140
Event: 208.324 Thread 0x0000000013983800 Uncommon trap: reason=unhandled action=none pc=0x00000000030133d4 method=java.lang.Class.getConstructor0([Ljava/lang/Class;I)Ljava/lang/reflect/Constructor; @ 102
Event: 208.338 Thread 0x0000000013983800 Uncommon trap: reason=unhandled action=none pc=0x0000000002f490a8 method=java.net.URLClassLoader$1.run()Ljava/lang/Class; @ 72
Event: 208.338 Thread 0x0000000013983800 Uncommon trap: reason=unhandled action=none pc=0x0000000002f490a8 method=java.net.URLClassLoader$1.run()Ljava/lang/Class; @ 72
Event: 208.338 Thread 0x0000000013983800 Uncommon trap: reason=unhandled action=none pc=0x0000000002f490a8 method=java.net.URLClassLoader$1.run()Ljava/lang/Class; @ 72
Event: 208.338 Thread 0x0000000013983800 Uncommon trap: reason=unhandled action=none pc=0x0000000002f490a8 method=java.net.URLClassLoader$1.run()Ljava/lang/Class; @ 72
Event: 208.514 Thread 0x0000000013983800 Uncommon trap: reason=bimorphic action=maybe_recompile pc=0x0000000002e034ec method=java.util.zip.InflaterInputStream.read([BII)I @ 100
Event: 208.516 Thread 0x0000000013983800 Uncommon trap: reason=bimorphic action=maybe_recompile pc=0x0000000002e034ec method=java.util.zip.InflaterInputStream.read([BII)I @ 100
Event: 208.516 Thread 0x0000000013983800 Uncommon trap: reason=bimorphic action=maybe_recompile pc=0x0000000002e034ec method=java.util.zip.InflaterInputStream.read([BII)I @ 100
Event: 208.516 Thread 0x0000000013983800 Uncommon trap: reason=bimorphic action=maybe_recompile pc=0x0000000002e034ec method=java.util.zip.InflaterInputStream.read([BII)I @ 100

Internal exceptions (10 events):
Event: 208.372 Thread 0x0000000013983800 Threw 0x00000007d4396d20 at C:\re\jdk7u67\1368\hotspot\src\share\vm\prims\jni.cpp:717
Event: 210.346 Thread 0x0000000013983800 Threw 0x00000006fcaac698 at C:\re\jdk7u67\1368\hotspot\src\share\vm\gc_interface/collectedHeap.inline.hpp:225
Event: 210.500 Thread 0x0000000013983800 Threw 0x00000006fcaac698 at C:\re\jdk7u67\1368\hotspot\src\share\vm\oops\instanceKlass.cpp:548
Event: 210.500 Thread 0x0000000013983800 Threw 0x00000006fcaac698 at C:\re\jdk7u67\1368\hotspot\src\share\vm\oops\instanceKlass.cpp:548
Event: 210.500 Thread 0x0000000013983800 Threw 0x00000006fcaac698 at C:\re\jdk7u67\1368\hotspot\src\share\vm\oops\instanceKlass.cpp:548
Event: 211.614 Thread 0x0000000013983800 Threw 0x00000006fcaac678 at C:\re\jdk7u67\1368\hotspot\src\share\vm\gc_interface/collectedHeap.inline.hpp:225
Event: 214.077 Thread 0x0000000013983800 Threw 0x00000006fcaac678 at C:\re\jdk7u67\1368\hotspot\src\share\vm\oops\instanceKlass.cpp:548
Event: 214.077 Thread 0x0000000013983800 Threw 0x00000006fcaac678 at C:\re\jdk7u67\1368\hotspot\src\share\vm\oops\instanceKlass.cpp:548
Event: 214.077 Thread 0x0000000013983800 Threw 0x00000006fcaac678 at C:\re\jdk7u67\1368\hotspot\src\share\vm\oops\instanceKlass.cpp:548
Event: 214.077 Thread 0x0000000013983800 Threw 0x00000006fcaac678 at C:\re\jdk7u67\1368\hotspot\src\share\vm\oops\instanceKlass.cpp:548

Events (10 events):
Event: 211.011 loading class 0x00000000131d6a30
Event: 211.013 loading class 0x00000000131d6a30 done
Event: 211.013 loading class 0x00000000131d6ae0
Event: 211.013 loading class 0x00000000131d6ae0 done
Event: 211.013 loading class 0x00000000131d67b0
Event: 211.013 loading class 0x00000000131d67b0 done
Event: 211.013 Executing VM operation: ParallelGCFailedPermanentAllocation
Event: 211.614 Executing VM operation: ParallelGCFailedPermanentAllocation done
Event: 214.077 Thread 0x0000000013983800 DEOPT PACKING pc=0x00000000031508dc sp=0x0000000016569b50
Event: 214.077 Thread 0x0000000013983800 DEOPT UNPACKING pc=0x0000000002c492b9 sp=0x0000000016569830 mode 1


Dynamic libraries:
0x00007ff691a20000 - 0x00007ff691a53000 	C:\Program Files\Java\jdk1.7.0_67\bin\javaw.exe
0x00007ffc2a7a0000 - 0x00007ffc2a946000 	C:\Windows\SYSTEM32\ntdll.dll
0x00007ffc2a060000 - 0x00007ffc2a19a000 	C:\Windows\system32\KERNEL32.DLL
0x00007ffc27ed0000 - 0x00007ffc27fdf000 	C:\Windows\system32\KERNELBASE.dll
0x00007ffc26760000 - 0x00007ffc267e8000 	C:\Windows\system32\apphelp.dll
0x00007ffc1cb10000 - 0x00007ffc1cb5f000 	C:\Windows\AppPatch\AppPatch64\AcGenral.DLL
0x00007ffc280a0000 - 0x00007ffc28147000 	C:\Windows\system32\msvcrt.dll
0x00007ffc27960000 - 0x00007ffc2798b000 	C:\Windows\SYSTEM32\SspiCli.dll
0x00007ffc28030000 - 0x00007ffc28081000 	C:\Windows\system32\SHLWAPI.dll
0x00007ffc283c0000 - 0x00007ffc28531000 	C:\Windows\system32\USER32.dll
0x00007ffc29db0000 - 0x00007ffc29f28000 	C:\Windows\system32\ole32.dll
0x00007ffc28780000 - 0x00007ffc29b8f000 	C:\Windows\system32\SHELL32.dll
0x00007ffc27190000 - 0x00007ffc271ae000 	C:\Windows\SYSTEM32\USERENV.dll
0x00007ffc2a4f0000 - 0x00007ffc2a595000 	C:\Windows\system32\ADVAPI32.dll
0x00007ffc12e10000 - 0x00007ffc12e2b000 	C:\Windows\SYSTEM32\MPR.dll
0x00007ffc2a5c0000 - 0x00007ffc2a6f7000 	C:\Windows\system32\RPCRT4.dll
0x00007ffc28540000 - 0x00007ffc28597000 	C:\Windows\SYSTEM32\sechost.dll
0x00007ffc29b90000 - 0x00007ffc29d66000 	C:\Windows\SYSTEM32\combase.dll
0x00007ffc2a1a0000 - 0x00007ffc2a2e4000 	C:\Windows\system32\GDI32.dll
0x00007ffc27b20000 - 0x00007ffc27b34000 	C:\Windows\SYSTEM32\profapi.dll
0x00007ffc26160000 - 0x00007ffc261ff000 	C:\Windows\SYSTEM32\SHCORE.dll
0x00007ffc29d70000 - 0x00007ffc29da4000 	C:\Windows\system32\IMM32.DLL
0x00007ffc2a2f0000 - 0x00007ffc2a429000 	C:\Windows\system32\MSCTF.dll
0x00007ffc25d30000 - 0x00007ffc25f8a000 	C:\Windows\WinSxS\amd64_microsoft.windows.common-controls_6595b64144ccf1df_6.0.9600.17031_none_6242a4b3ecbb55a1\COMCTL32.dll
0x0000000074c60000 - 0x0000000074d32000 	C:\Program Files\Java\jdk1.7.0_67\jre\bin\msvcr100.dll
0x0000000074480000 - 0x0000000074c52000 	C:\Program Files\Java\jdk1.7.0_67\jre\bin\server\jvm.dll
0x00007ffc1ee40000 - 0x00007ffc1ee49000 	C:\Windows\SYSTEM32\WSOCK32.dll
0x00007ffc24bf0000 - 0x00007ffc24c0f000 	C:\Windows\SYSTEM32\WINMM.dll
0x00007ffc283b0000 - 0x00007ffc283b7000 	C:\Windows\system32\PSAPI.DLL
0x00007ffc29f30000 - 0x00007ffc29f88000 	C:\Windows\system32\WS2_32.dll
0x00007ffc24bc0000 - 0x00007ffc24bea000 	C:\Windows\SYSTEM32\WINMMBASE.dll
0x00007ffc282f0000 - 0x00007ffc282f9000 	C:\Windows\system32\NSI.dll
0x00007ffc27e80000 - 0x00007ffc27eca000 	C:\Windows\SYSTEM32\cfgmgr32.dll
0x00007ffc269b0000 - 0x00007ffc269d6000 	C:\Windows\SYSTEM32\DEVOBJ.dll
0x0000000074470000 - 0x000000007447f000 	C:\Program Files\Java\jdk1.7.0_67\jre\bin\verify.dll
0x0000000074440000 - 0x0000000074468000 	C:\Program Files\Java\jdk1.7.0_67\jre\bin\java.dll
0x0000000074400000 - 0x0000000074435000 	C:\Program Files\Java\jdk1.7.0_67\jre\bin\jdwp.dll
0x00000000743f0000 - 0x00000000743f8000 	C:\Program Files\Java\jdk1.7.0_67\jre\bin\npt.dll
0x00000000743b0000 - 0x00000000743c5000 	C:\Program Files\Java\jdk1.7.0_67\jre\bin\zip.dll
0x00000000743e0000 - 0x00000000743e9000 	C:\Program Files\Java\jdk1.7.0_67\jre\bin\dt_socket.dll
0x00007ffc15590000 - 0x00007ffc155a4000 	C:\Windows\system32\napinsp.dll
0x00007ffc155b0000 - 0x00007ffc155c9000 	C:\Windows\system32\pnrpnsp.dll
0x00007ffc251b0000 - 0x00007ffc251c9000 	C:\Windows\system32\NLAapi.dll
0x00007ffc273e0000 - 0x00007ffc27438000 	C:\Windows\System32\mswsock.dll
0x00007ffc271f0000 - 0x00007ffc27293000 	C:\Windows\SYSTEM32\DNSAPI.dll
0x00007ffc155d0000 - 0x00007ffc155dc000 	C:\Windows\System32\winrnr.dll
0x00007ffc155e0000 - 0x00007ffc155f3000 	C:\Windows\system32\wshbth.dll
0x00007ffc24260000 - 0x00007ffc242c8000 	C:\Windows\System32\fwpuclnt.dll
0x00007ffc19800000 - 0x00007ffc19809000 	C:\Windows\System32\rasadhlp.dll
0x0000000074390000 - 0x00000000743a9000 	C:\Program Files\Java\jdk1.7.0_67\jre\bin\net.dll
0x0000000074370000 - 0x0000000074381000 	C:\Program Files\Java\jdk1.7.0_67\jre\bin\nio.dll
0x00007ffc27440000 - 0x00007ffc2745e000 	C:\Windows\SYSTEM32\CRYPTSP.dll
0x00007ffc27080000 - 0x00007ffc270b5000 	C:\Windows\system32\rsaenh.dll
0x00007ffc27690000 - 0x00007ffc276b6000 	C:\Windows\SYSTEM32\bcrypt.dll
0x00007ffc27990000 - 0x00007ffc279f0000 	C:\Windows\system32\bcryptprimitives.dll
0x00007ffc279f0000 - 0x00007ffc279fa000 	C:\Windows\SYSTEM32\CRYPTBASE.dll
0x00007ffc24c60000 - 0x00007ffc24c89000 	C:\Windows\SYSTEM32\IPHLPAPI.DLL
0x00007ffc24c50000 - 0x00007ffc24c5a000 	C:\Windows\SYSTEM32\WINNSI.DLL
0x00007ffc23f30000 - 0x00007ffc23f44000 	C:\Windows\SYSTEM32\dhcpcsvc6.DLL
0x00007ffc24380000 - 0x00007ffc24399000 	C:\Windows\SYSTEM32\dhcpcsvc.DLL
0x00000000741d0000 - 0x0000000074365000 	C:\Program Files\Java\jdk1.7.0_67\jre\bin\awt.dll
0x00007ffc29f90000 - 0x00007ffc2a047000 	C:\Windows\system32\OLEAUT32.dll
0x00007ffbfe270000 - 0x00007ffbfe3f8000 	C:\Windows\SYSTEM32\dbghelp.dll

VM Arguments:
jvm_args: -agentlib:jdwp=transport=dt_socket,suspend=y,address=localhost:61041 -Dmaven.home=EMBEDDED -Dclassworlds.conf=C:\Users\jag\workspace\.metadata\.plugins\org.eclipse.m2e.launching\launches\m2conf1736829117791277429.tmp -Dfile.encoding=Cp1252 
java_command: org.codehaus.plexus.classworlds.launcher.Launcher -B jetty:run
Launcher Type: SUN_STANDARD

Environment Variables:
JAVA_HOME=C:\Program Files\Java\jdk1.7.0_60
PATH=C:\Program Files\Java\jdk1.7.0_67\jre\bin;c:\Program Files (x86)\Intel\iCLS Client\;c:\Program Files\Intel\iCLS Client\;C:\Windows\system32;C:\Windows;C:\Windows\System32\Wbem;C:\Windows\System32\WindowsPowerShell\v1.0\;C:\Program Files\Intel\Intel(R) Management Engine Components\DAL;C:\Program Files\Intel\Intel(R) Management Engine Components\IPT;C:\Program Files (x86)\Intel\Intel(R) Management Engine Components\DAL;C:\Program Files (x86)\Intel\Intel(R) Management Engine Components\IPT;C:\Program Files\Intel\WiFi\bin\;C:\Program Files\Common Files\Intel\WirelessCommon\;c:\Program Files (x86)\ATI Technologies\ATI.ACE\Core-Static;C:\Program Files (x86)\Git\cmd;C:\Program Files (x86)\Git\bin;C:\Program Files\Java\jdk1.7.0_67\bin;C:\devtools\apache-maven-3.2.3\bin
USERNAME=jag
OS=Windows_NT
PROCESSOR_IDENTIFIER=Intel64 Family 6 Model 69 Stepping 1, GenuineIntel



---------------  S Y S T E M  ---------------

OS: Windows 8.1 , 64 bit Build 9600 

CPU:total 4 (2 cores per cpu, 2 threads per core) family 6 model 69 stepping 1, cmov, cx8, fxsr, mmx, sse, sse2, sse3, ssse3, sse4.1, sse4.2, popcnt, avx, avx2, aes, erms, ht, tsc, tscinvbit

Memory: 4k page, physical 16655320k(10236808k free), swap 19145688k(8682688k free)

vm_info: Java HotSpot(TM) 64-Bit Server VM (24.65-b04) for windows-amd64 JRE (1.7.0_67-b01), built on Jul 25 2014 08:55:00 by "java_re" with unknown MS VC++:1600

time: Mon Nov 03 15:00:58 2014
elapsed time: 214 seconds

